2024-05-14 14:49:05,222 [INFO] Activator:176 - 


2024-05-14 14:49:05,223 [INFO] Activator:177 - !SESSION log4j initialized
2024-05-14 14:49:07,451 [INFO] LogOutputStream:77 - [STDOUT_REDIRECT] 
2024-05-14 14:49:09,758 [INFO] ApplicationProperties:184 - Using Application install path: C:\ST\STM32CubeIDE_1.14.1\STM32CubeIDE\plugins\com.st.stm32cube.common.mx_6.10.0.202311202037
2024-05-14 14:49:09,780 [INFO] DbMcusXml:78 - Set database path to: C:\ST\STM32CubeIDE_1.14.1\STM32CubeIDE\plugins\com.st.stm32cube.common.mx_6.10.0.202311202037\\db\/mcu/
2024-05-14 14:49:09,780 [INFO] ApiDb:274 - Set plugin database path to: C:\ST\STM32CubeIDE_1.14.1\STM32CubeIDE\plugins\com.st.stm32cube.common.mx_6.10.0.202311202037\\db\/plugins/boardmanager/
2024-05-14 14:49:09,781 [WARN] ApiDb:259 - Overriding images path with different value:  => C:\ST\STM32CubeIDE_1.14.1\STM32CubeIDE\plugins\com.st.stm32cube.common.mx_6.10.0.202311202037\\db\/plugins/mcufinder/images/
2024-05-14 14:49:09,787 [INFO] ApiDb:250 - Set database path to: C:\Users\dodso\.stmcufinder\plugins\mcufinder//mcu/
2024-05-14 14:49:09,788 [INFO] DbMcusAds:125 - Set database path to: C:\Users\dodso\.stmcufinder\plugins\mcufinder//mcu/
2024-05-14 14:49:09,791 [INFO] CrossReferenceDbSqlite:203 - Set database path to: C:\Users\dodso\.stmcufinder\plugins\mcufinder//mcu/cs/
2024-05-14 14:49:09,894 [INFO] RulesReader:64 - Compatibility file has been processed (297 Rules)
2024-05-14 14:49:09,958 [INFO] DbMcusXml:78 - Set database path to: C:\ST\STM32CubeIDE_1.14.1\STM32CubeIDE\plugins\com.st.stm32cube.common.mx_6.10.0.202311202037\\db\/mcu/
2024-05-14 14:49:09,959 [INFO] ApiDb:274 - Set plugin database path to: C:\ST\STM32CubeIDE_1.14.1\STM32CubeIDE\plugins\com.st.stm32cube.common.mx_6.10.0.202311202037\\db\/plugins/boardmanager/
2024-05-14 14:49:09,959 [INFO] ApiDb:261 - Set plugin images path to: C:\ST\STM32CubeIDE_1.14.1\STM32CubeIDE\plugins\com.st.stm32cube.common.mx_6.10.0.202311202037\\db\/plugins/mcufinder/images/
2024-05-14 14:49:09,959 [WARN] DbFile:41 - Overriding database path with different value: C:\Users\dodso\.stmcufinder\plugins\mcufinder/ => C:\Users\dodso\.stmcufinder\plugins\mcufinder
2024-05-14 14:49:09,959 [INFO] ApiDb:250 - Set database path to: C:\Users\dodso\.stmcufinder\plugins\mcufinder//mcu/
2024-05-14 14:49:09,959 [WARN] DbFile:41 - Overriding database path with different value: C:\Users\dodso\.stmcufinder\plugins\mcufinder/ => C:\Users\dodso\.stmcufinder\plugins\mcufinder
2024-05-14 14:49:09,959 [INFO] DbMcusAds:125 - Set database path to: C:\Users\dodso\.stmcufinder\plugins\mcufinder//mcu/
2024-05-14 14:49:09,959 [WARN] DbFile:41 - Overriding database path with different value: C:\Users\dodso\.stmcufinder\plugins\mcufinder/ => C:\Users\dodso\.stmcufinder\plugins\mcufinder
2024-05-14 14:49:09,959 [WARN] DbFile:41 - Overriding database path with different value: C:\Users\dodso\.stmcufinder\plugins\mcufinder/ => C:\Users\dodso\.stmcufinder\plugins\mcufinder
2024-05-14 14:49:09,960 [INFO] CrossReferenceDbSqlite:203 - Set database path to: C:\Users\dodso\.stmcufinder\plugins\mcufinder//mcu/cs/
2024-05-14 14:49:10,033 [INFO] MainPanel:264 - HeapMemory: 268435456
2024-05-14 14:49:10,121 [INFO] DbMcusXml:78 - Set database path to: C:\ST\STM32CubeIDE_1.14.1\STM32CubeIDE\plugins\com.st.stm32cube.common.mx_6.10.0.202311202037\\db\/mcu/
2024-05-14 14:49:10,121 [INFO] ApiDb:274 - Set plugin database path to: C:\ST\STM32CubeIDE_1.14.1\STM32CubeIDE\plugins\com.st.stm32cube.common.mx_6.10.0.202311202037\\db\/plugins/boardmanager/
2024-05-14 14:49:10,121 [INFO] ApiDb:261 - Set plugin images path to: C:\ST\STM32CubeIDE_1.14.1\STM32CubeIDE\plugins\com.st.stm32cube.common.mx_6.10.0.202311202037\\db\/plugins/mcufinder/images/
2024-05-14 14:49:10,122 [WARN] DbFile:41 - Overriding database path with different value: C:\Users\dodso\.stmcufinder\plugins\mcufinder/ => C:\Users\dodso\.stmcufinder\plugins\mcufinder
2024-05-14 14:49:10,122 [INFO] ApiDb:250 - Set database path to: C:\Users\dodso\.stmcufinder\plugins\mcufinder//mcu/
2024-05-14 14:49:10,122 [WARN] DbFile:41 - Overriding database path with different value: C:\Users\dodso\.stmcufinder\plugins\mcufinder/ => C:\Users\dodso\.stmcufinder\plugins\mcufinder
2024-05-14 14:49:10,122 [INFO] DbMcusAds:125 - Set database path to: C:\Users\dodso\.stmcufinder\plugins\mcufinder//mcu/
2024-05-14 14:49:10,122 [WARN] DbFile:41 - Overriding database path with different value: C:\Users\dodso\.stmcufinder\plugins\mcufinder/ => C:\Users\dodso\.stmcufinder\plugins\mcufinder
2024-05-14 14:49:10,122 [WARN] DbFile:41 - Overriding database path with different value: C:\Users\dodso\.stmcufinder\plugins\mcufinder/ => C:\Users\dodso\.stmcufinder\plugins\mcufinder
2024-05-14 14:49:10,122 [INFO] CrossReferenceDbSqlite:203 - Set database path to: C:\Users\dodso\.stmcufinder\plugins\mcufinder//mcu/cs/
2024-05-14 14:49:10,136 [INFO] ApplicationProperties:184 - Using Application install path: C:\ST\STM32CubeIDE_1.14.1\STM32CubeIDE\plugins\com.st.stm32cube.common.mx_6.10.0.202311202037
2024-05-14 14:49:10,138 [INFO] PluginManage:196 - Search for loadable plugins [exclusion list=, ]
2024-05-14 14:49:10,139 [INFO] PluginManage:310 - Check plugin analytics
2024-05-14 14:49:10,249 [INFO] AnalyticsPlugin:253 - Accepted Software Licenses: 
2024-05-14 14:49:10,249 [INFO] AnalyticsPlugin:255 - Accepted CMSIS Pack Licenses: 
2024-05-14 14:49:10,249 [INFO] AnalyticsPlugin:257 - Accepted Firmware Licenses: 
2024-05-14 14:49:10,251 [INFO] PluginManage:359 - Loaded plugin analytics (category:tool,tabindex:-1)
2024-05-14 14:49:10,251 [INFO] PluginManage:310 - Check plugin cadmodel
2024-05-14 14:49:10,254 [INFO] CADModel:105 - Init CAD model plugin
2024-05-14 14:49:10,254 [INFO] PluginManage:359 - Loaded plugin cadmodel (category:power,tabindex:5)
2024-05-14 14:49:10,254 [INFO] PluginManage:310 - Check plugin clock
2024-05-14 14:49:10,261 [INFO] PluginManage:359 - Loaded plugin clock (category:base,tabindex:2)
2024-05-14 14:49:10,261 [INFO] PluginManage:310 - Check plugin ddr
2024-05-14 14:49:10,263 [INFO] PluginManage:359 - Loaded plugin ddr (category:tool,tabindex:6)
2024-05-14 14:49:10,263 [INFO] PluginManage:310 - Check plugin filemanager
2024-05-14 14:49:10,370 [INFO] PluginManage:359 - Loaded plugin filemanager (category:base,tabindex:10)
2024-05-14 14:49:10,370 [INFO] PluginManage:310 - Check plugin ipmanager
2024-05-14 14:49:10,375 [INFO] PluginManage:359 - Loaded plugin ipmanager (category:base,tabindex:5)
2024-05-14 14:49:10,375 [INFO] PluginManage:310 - Check plugin lpbam
2024-05-14 14:49:10,395 [INFO] PluginManage:359 - Loaded plugin lpbam (category:base,tabindex:0)
2024-05-14 14:49:10,396 [INFO] PluginManage:310 - Check plugin memorymap
2024-05-14 14:49:10,409 [INFO] PluginManage:359 - Loaded plugin memorymap (category:base,tabindex:4)
2024-05-14 14:49:10,409 [INFO] PluginManage:310 - Check plugin pinoutandconfiguration
2024-05-14 14:49:10,414 [INFO] PluginManage:359 - Loaded plugin pinoutandconfiguration (category:base,tabindex:1)
2024-05-14 14:49:10,415 [INFO] PluginManage:310 - Check plugin pinoutconfig
2024-05-14 14:49:10,489 [WARN] SupportedApi:132 - Cannot load RTOS API schema: s4s-elt-must-match.1: The content of 'definitions' must match (annotation?, (simpleType | complexType)?, (unique | key | keyref)*)). A problem was found starting at: attribute.
2024-05-14 14:49:10,607 [INFO] PluginManage:359 - Loaded plugin pinoutconfig (category:base,tabindex:0)
2024-05-14 14:49:10,607 [INFO] PluginManage:310 - Check plugin power
2024-05-14 14:49:10,619 [INFO] PluginManage:359 - Loaded plugin power (category:power,tabindex:4)
2024-05-14 14:49:10,619 [INFO] PluginManage:310 - Check plugin projectmanager
2024-05-14 14:49:10,636 [INFO] PluginManage:359 - Loaded plugin projectmanager (category:projectmanager,tabindex:3)
2024-05-14 14:49:10,636 [INFO] PluginManage:310 - Check plugin thirdparty
2024-05-14 14:49:10,760 [INFO] PluginManage:359 - Loaded plugin thirdparty (category:base,tabindex:-1)
2024-05-14 14:49:10,760 [INFO] PluginManage:310 - Check plugin tools
2024-05-14 14:49:10,760 [WARN] IntegrityCheckThread:84 - waiting for thirdparty lock release [integrity check]
2024-05-14 14:49:10,760 [INFO] IntegrityCheckThread:86 - entering critical section [integrity check]
2024-05-14 14:49:10,761 [INFO] ThirdPartyUpdaterWithRetryManager:70 - Updater plugin not ready yet. [1/15]
2024-05-14 14:49:10,764 [INFO] PluginManage:359 - Loaded plugin tools (category:base,tabindex:7)
2024-05-14 14:49:10,764 [INFO] PluginManage:310 - Check plugin tutovideos
2024-05-14 14:49:11,015 [INFO] PluginManage:359 - Loaded plugin tutovideos (category:base,tabindex:-1)
2024-05-14 14:49:11,015 [INFO] PluginManage:310 - Check plugin updater
2024-05-14 14:49:11,028 [INFO] PluginManage:359 - Loaded plugin updater (category:base,tabindex:12)
2024-05-14 14:49:11,028 [INFO] PluginManage:310 - Check plugin userauth
2024-05-14 14:49:11,035 [INFO] UserAuth:114 - Init User Auth plugin
2024-05-14 14:49:11,035 [INFO] PluginManage:359 - Loaded plugin userauth (category:base,tabindex:14)
2024-05-14 14:49:11,036 [INFO] PluginManage:283 - PluginManage : Loaded plugins [17]
2024-05-14 14:49:11,264 [INFO] PinOutPanel:1499 - setPackage(No Configuration,No Configuration)
2024-05-14 14:49:11,353 [INFO] CADModel:165 - CPN selected for project level
2024-05-14 14:49:11,353 [INFO] CADModel:114 - Register for checkConnection events
2024-05-14 14:49:11,371 [INFO] IPUIPlugin:80 - create IPUIPlugin
2024-05-14 14:49:11,371 [INFO] PluginManager:220 - loadIPPluginJar : add adc
2024-05-14 14:49:11,374 [INFO] IPUIPlugin:80 - create IPUIPlugin
2024-05-14 14:49:11,374 [INFO] PluginManager:220 - loadIPPluginJar : add aes
2024-05-14 14:49:11,377 [INFO] IPUIPlugin:80 - create IPUIPlugin
2024-05-14 14:49:11,377 [INFO] PluginManager:220 - loadIPPluginJar : add can
2024-05-14 14:49:11,379 [INFO] IPUIPlugin:80 - create IPUIPlugin
2024-05-14 14:49:11,379 [INFO] PluginManager:220 - loadIPPluginJar : add comp
2024-05-14 14:49:11,381 [INFO] IPUIPlugin:80 - create IPUIPlugin
2024-05-14 14:49:11,381 [INFO] PluginManager:220 - loadIPPluginJar : add cryp
2024-05-14 14:49:11,383 [INFO] IPUIPlugin:80 - create IPUIPlugin
2024-05-14 14:49:11,383 [INFO] PluginManager:220 - loadIPPluginJar : add dfsdm
2024-05-14 14:49:11,390 [INFO] IPUIPlugin:80 - create IPUIPlugin
2024-05-14 14:49:11,390 [INFO] PluginManager:220 - loadIPPluginJar : add dma
2024-05-14 14:49:11,392 [INFO] IPUIPlugin:80 - create IPUIPlugin
2024-05-14 14:49:11,392 [INFO] PluginManager:220 - loadIPPluginJar : add dma3
2024-05-14 14:49:11,394 [INFO] IPUIPlugin:80 - create IPUIPlugin
2024-05-14 14:49:11,394 [INFO] PluginManager:220 - loadIPPluginJar : add fatfs
2024-05-14 14:49:11,398 [INFO] IPUIPlugin:80 - create IPUIPlugin
2024-05-14 14:49:11,399 [INFO] PluginManager:220 - loadIPPluginJar : add fmc
2024-05-14 14:49:11,405 [INFO] IPUIPlugin:80 - create IPUIPlugin
2024-05-14 14:49:11,406 [INFO] PluginManager:220 - loadIPPluginJar : add freertos
2024-05-14 14:49:11,407 [INFO] IPUIPlugin:80 - create IPUIPlugin
2024-05-14 14:49:11,407 [INFO] PluginManager:220 - loadIPPluginJar : add genericplugin
2024-05-14 14:49:11,409 [INFO] IPUIPlugin:80 - create IPUIPlugin
2024-05-14 14:49:11,410 [INFO] PluginManager:220 - loadIPPluginJar : add gfxmmu
2024-05-14 14:49:11,415 [INFO] IPUIPlugin:80 - create IPUIPlugin
2024-05-14 14:49:11,415 [INFO] PluginManager:220 - loadIPPluginJar : add gic
2024-05-14 14:49:11,419 [INFO] IPUIPlugin:80 - create IPUIPlugin
2024-05-14 14:49:11,420 [INFO] PluginManager:220 - loadIPPluginJar : add gpio
2024-05-14 14:49:11,423 [INFO] IPUIPlugin:80 - create IPUIPlugin
2024-05-14 14:49:11,423 [INFO] PluginManager:220 - loadIPPluginJar : add gtzc
2024-05-14 14:49:11,425 [INFO] IPUIPlugin:80 - create IPUIPlugin
2024-05-14 14:49:11,425 [INFO] PluginManager:220 - loadIPPluginJar : add hash
2024-05-14 14:49:11,428 [INFO] IPUIPlugin:80 - create IPUIPlugin
2024-05-14 14:49:11,428 [INFO] PluginManager:220 - loadIPPluginJar : add i2c
2024-05-14 14:49:11,430 [INFO] IPUIPlugin:80 - create IPUIPlugin
2024-05-14 14:49:11,430 [INFO] PluginManager:220 - loadIPPluginJar : add i2s
2024-05-14 14:49:11,433 [INFO] IPUIPlugin:80 - create IPUIPlugin
2024-05-14 14:49:11,433 [INFO] PluginManager:220 - loadIPPluginJar : add i3c
2024-05-14 14:49:11,437 [INFO] IPUIPlugin:80 - create IPUIPlugin
2024-05-14 14:49:11,437 [INFO] PluginManager:220 - loadIPPluginJar : add ipddr
2024-05-14 14:49:11,445 [INFO] IPUIPlugin:80 - create IPUIPlugin
2024-05-14 14:49:11,445 [INFO] PluginManager:220 - loadIPPluginJar : add linkedlist
2024-05-14 14:49:11,448 [INFO] IPUIPlugin:80 - create IPUIPlugin
2024-05-14 14:49:11,449 [INFO] PluginManager:220 - loadIPPluginJar : add lorawan
2024-05-14 14:49:11,449 [INFO] IPUIPlugin:80 - create IPUIPlugin
2024-05-14 14:49:11,450 [INFO] PluginManager:220 - loadIPPluginJar : add ltdc
2024-05-14 14:49:11,455 [INFO] IPUIPlugin:80 - create IPUIPlugin
2024-05-14 14:49:11,456 [INFO] PluginManager:220 - loadIPPluginJar : add mdma
2024-05-14 14:49:11,458 [INFO] IPUIPlugin:80 - create IPUIPlugin
2024-05-14 14:49:11,458 [INFO] PluginManager:220 - loadIPPluginJar : add nvic
2024-05-14 14:49:11,460 [INFO] IPUIPlugin:80 - create IPUIPlugin
2024-05-14 14:49:11,460 [INFO] PluginManager:220 - loadIPPluginJar : add opamp
2024-05-14 14:49:11,462 [INFO] IPUIPlugin:80 - create IPUIPlugin
2024-05-14 14:49:11,462 [INFO] PluginManager:220 - loadIPPluginJar : add openamp
2024-05-14 14:49:11,464 [INFO] IPUIPlugin:80 - create IPUIPlugin
2024-05-14 14:49:11,464 [INFO] PluginManager:220 - loadIPPluginJar : add pdm2pcm
2024-05-14 14:49:11,469 [INFO] IPUIPlugin:80 - create IPUIPlugin
2024-05-14 14:49:11,471 [INFO] PluginManager:220 - loadIPPluginJar : add plateformsettings
2024-05-14 14:49:11,473 [INFO] IPUIPlugin:80 - create IPUIPlugin
2024-05-14 14:49:11,473 [INFO] PluginManager:220 - loadIPPluginJar : add quadspi
2024-05-14 14:49:11,475 [INFO] IPUIPlugin:80 - create IPUIPlugin
2024-05-14 14:49:11,475 [INFO] PluginManager:220 - loadIPPluginJar : add resmgrutility
2024-05-14 14:49:11,477 [INFO] IPUIPlugin:80 - create IPUIPlugin
2024-05-14 14:49:11,477 [INFO] PluginManager:220 - loadIPPluginJar : add sai
2024-05-14 14:49:11,479 [INFO] IPUIPlugin:80 - create IPUIPlugin
2024-05-14 14:49:11,479 [INFO] PluginManager:220 - loadIPPluginJar : add spi
2024-05-14 14:49:11,483 [INFO] IPUIPlugin:80 - create IPUIPlugin
2024-05-14 14:49:11,484 [INFO] PluginManager:220 - loadIPPluginJar : add stm32_wpan
2024-05-14 14:49:11,485 [INFO] IPUIPlugin:80 - create IPUIPlugin
2024-05-14 14:49:11,485 [INFO] PluginManager:220 - loadIPPluginJar : add tim
2024-05-14 14:49:11,488 [INFO] IPUIPlugin:80 - create IPUIPlugin
2024-05-14 14:49:11,488 [INFO] PluginManager:220 - loadIPPluginJar : add touchsensing
2024-05-14 14:49:11,490 [INFO] IPUIPlugin:80 - create IPUIPlugin
2024-05-14 14:49:11,490 [INFO] PluginManager:220 - loadIPPluginJar : add tracer_emb
2024-05-14 14:49:11,492 [INFO] IPUIPlugin:80 - create IPUIPlugin
2024-05-14 14:49:11,492 [INFO] PluginManager:220 - loadIPPluginJar : add ts
2024-05-14 14:49:11,493 [INFO] IPUIPlugin:80 - create IPUIPlugin
2024-05-14 14:49:11,493 [INFO] PluginManager:220 - loadIPPluginJar : add tsc
2024-05-14 14:49:11,494 [INFO] IPUIPlugin:80 - create IPUIPlugin
2024-05-14 14:49:11,495 [INFO] PluginManager:220 - loadIPPluginJar : add ucpd
2024-05-14 14:49:11,497 [INFO] IPUIPlugin:80 - create IPUIPlugin
2024-05-14 14:49:11,497 [INFO] PluginManager:220 - loadIPPluginJar : add usart
2024-05-14 14:49:11,498 [INFO] IPUIPlugin:80 - create IPUIPlugin
2024-05-14 14:49:11,499 [INFO] PluginManager:220 - loadIPPluginJar : add usbx
2024-05-14 14:49:11,615 [INFO] CADModel:165 - CPN selected for project level
2024-05-14 14:49:11,615 [INFO] CADModel:114 - Register for checkConnection events
2024-05-14 14:49:11,615 [FATAL] Updater:308 - Updater called before beeing initialized
2024-05-14 14:49:11,616 [ERROR] CADModel:125 - Updater not yet initialized, retry later 
2024-05-14 14:49:11,736 [INFO] CADModel:165 - CPN selected for project level
2024-05-14 14:49:11,737 [INFO] CADModel:114 - Register for checkConnection events
2024-05-14 14:49:11,737 [FATAL] Updater:308 - Updater called before beeing initialized
2024-05-14 14:49:11,737 [ERROR] CADModel:125 - Updater not yet initialized, retry later 
2024-05-14 14:49:11,740 [FATAL] Updater:308 - Updater called before beeing initialized
2024-05-14 14:49:11,820 [FATAL] Updater:308 - Updater called before beeing initialized
2024-05-14 14:49:11,823 [INFO] DbMcusAds:53 - JSON generation date=Wed Nov 29 21:52:27 AEDT 2023 (1701255147349)
2024-05-14 14:49:11,824 [FATAL] Updater:308 - Updater called before beeing initialized
2024-05-14 14:49:11,852 [WARN] DetailPanel:346 - Failed to get advertising image, set to default
2024-05-14 14:49:11,920 [FATAL] Updater:308 - Updater called before beeing initialized
2024-05-14 14:49:11,921 [FATAL] Updater:308 - Updater called before beeing initialized
2024-05-14 14:49:11,921 [FATAL] Updater:308 - Updater called before beeing initialized
2024-05-14 14:49:11,921 [WARN] DetailPanel:346 - Failed to get advertising image, set to default
2024-05-14 14:49:11,922 [FATAL] Updater:308 - Updater called before beeing initialized
2024-05-14 14:49:11,954 [ERROR] Updater:1120 - MainUpdater not yet initialized. External WinMGr cannot be set.
2024-05-14 14:49:11,956 [INFO] Updater:1056 - Updater Version found : 6.10.0
2024-05-14 14:49:11,971 [INFO] ApplicationProperties:184 - Using Application install path: C:\ST\STM32CubeIDE_1.14.1\STM32CubeIDE\plugins\com.st.stm32cube.common.mx_6.10.0.202311202037
2024-05-14 14:49:13,536 [ERROR] LogOutputStream:75 - [STDERR_REDIRECT] May 14, 2024 2:49:13 PM java.util.prefs.WindowsPreferences <init>
2024-05-14 14:49:13,537 [ERROR] LogOutputStream:75 - [STDERR_REDIRECT] WARNING: Could not open/create prefs root node Software\JavaSoft\Prefs at root 0xffffffff80000002. Windows RegCreateKeyEx(...) returned error code 5.
2024-05-14 14:49:13,537 [ERROR] LogOutputStream:75 - [STDERR_REDIRECT] 
2024-05-14 14:49:13,732 [INFO] MainUpdater:2873 - connection check result : 10
2024-05-14 14:49:13,732 [INFO] MainUpdater:290 - Updater Check For Update Now.
2024-05-14 14:49:13,733 [INFO] MicroXplorer:498 - Change Database Version : DB.6.0.100
2024-05-14 14:49:13,740 [INFO] McuFinderGlobals:63 - Set McuFinder mode to 2 (CubeIDE integrated)
2024-05-14 14:49:13,740 [INFO] UserAuth:180 - activating auth plugin
2024-05-14 14:49:13,742 [INFO] UserAuth:404 - Internet connection configuration mode: 1
2024-05-14 14:49:13,759 [INFO] JxBrowserEngine:152 - Initiate JxBrowser Engine with user profile folder
2024-05-14 14:49:13,762 [WARN] MainUpdater:1194 - Updater busy. Cannot search thirdparties
2024-05-14 14:49:13,762 [INFO] ThirdPartyUpdaterWithRetryManager:96 - Updater plugin is busy. [1/15]
2024-05-14 14:49:13,910 [INFO] CheckServerUpdateThread:120 - End of CheckServer Thread
2024-05-14 14:49:14,662 [INFO] WebApp:161 - Instantiating new browser for Auth
2024-05-14 14:49:15,107 [INFO] WebApp:780 - Register for checkConnection events
2024-05-14 14:49:15,107 [INFO] WebApp:414 - Apply proxy settings
2024-05-14 14:49:15,107 [INFO] WebApp:499 - Chromium requires no authentication
2024-05-14 14:49:15,114 [INFO] WebApp:442 - Direct internet connection detected
2024-05-14 14:49:15,243 [INFO] WebApp:192 - Starting web application
2024-05-14 14:49:15,243 [INFO] WebApp:544 - Web application path used C:\ST\STM32CubeIDE_1.14.1\STM32CubeIDE\plugins\com.st.stm32cube.common.mx_6.10.0.202311202037\db\plugins\mcufinder\reactClient1\index.html
2024-05-14 14:49:16,883 [WARN] PackLoader:240 - Cannot read IP mode file for STMicroelectronics.FP-SNS-MOTENVWB1.1.4.0
2024-05-14 14:49:16,893 [WARN] PackLoader:240 - Cannot read IP mode file for STMicroelectronics.X-CUBE-SMBUS.2.1.0
2024-05-14 14:49:16,897 [WARN] PackLoader:240 - Cannot read IP mode file for STMicroelectronics.X-CUBE-TOUCHGFX.4.23.1
2024-05-14 14:49:16,900 [WARN] PackLoader:240 - Cannot read IP mode file for STMicroelectronics.X-CUBE-TOUCHGFX.4.23.0
2024-05-14 14:49:16,902 [WARN] PackLoader:240 - Cannot read IP mode file for STMicroelectronics.X-CUBE-TOUCHGFX.4.23.2
2024-05-14 14:49:16,924 [WARN] PackLoader:240 - Cannot read IP mode file for STMicroelectronics.X-CUBE-AZRTOS-F7.1.1.0
2024-05-14 14:49:16,932 [WARN] PackLoader:240 - Cannot read IP mode file for STMicroelectronics.FP-SNS-MOTENV1.4.3.2
2024-05-14 14:49:16,937 [WARN] PackLoader:240 - Cannot read IP mode file for STMicroelectronics.FP-SNS-FLIGHT1.5.0.2
2024-05-14 14:49:16,943 [WARN] PackLoader:240 - Cannot read IP mode file for STMicroelectronics.X-CUBE-DISPLAY.3.0.0
2024-05-14 14:49:16,950 [WARN] PackLoader:240 - Cannot read IP mode file for STMicroelectronics.X-CUBE-BLE1.7.0.0
2024-05-14 14:49:16,954 [WARN] PackLoader:240 - Cannot read IP mode file for emotas.I-CUBE-CANOPEN.1.3.0
2024-05-14 14:49:16,963 [WARN] PackLoader:240 - Cannot read IP mode file for STMicroelectronics.X-CUBE-BLEMGR.3.1.0
2024-05-14 14:49:16,967 [WARN] PackLoader:240 - Cannot read IP mode file for STMicroelectronics.FP-SNS-SMARTAG2.1.2.0
2024-05-14 14:49:16,975 [INFO] LogOutputStream:77 - [STDOUT_REDIRECT] 1 : Invalid condition id : UX_CORESTACK_Condition cause : null
2024-05-14 14:49:16,975 [INFO] LogOutputStream:77 - [STDOUT_REDIRECT] 1 : Invalid condition id : UX_CORESTACK_Condition cause : null
2024-05-14 14:49:16,976 [INFO] LogOutputStream:77 - [STDOUT_REDIRECT] 1 : Invalid condition id : UX_CORESTACK_Condition cause : null
2024-05-14 14:49:16,976 [INFO] LogOutputStream:77 - [STDOUT_REDIRECT] 1 : Invalid condition id : UX_CORESTACK_Condition cause : null
2024-05-14 14:49:16,977 [INFO] LogOutputStream:77 - [STDOUT_REDIRECT] 1 : Invalid condition id : UX_CORESTACK_Condition cause : null
2024-05-14 14:49:16,981 [WARN] PackLoader:240 - Cannot read IP mode file for STMicroelectronics.X-CUBE-AZRTOS-WL.2.0.0
2024-05-14 14:49:16,985 [WARN] PackLoader:240 - Cannot read IP mode file for STMicroelectronics.FP-SNS-MOTENV1.5.0.0
2024-05-14 14:49:16,991 [WARN] PackLoader:240 - Cannot read IP mode file for WES.I-CUBE-Cesium.1.3.0
2024-05-14 14:49:16,995 [WARN] PackLoader:240 - Cannot read IP mode file for STMicroelectronics.X-CUBE-BLE2.3.3.0
2024-05-14 14:49:16,999 [WARN] PackLoader:240 - Cannot read IP mode file for STMicroelectronics.X-CUBE-TCPP.4.1.0
2024-05-14 14:49:17,005 [WARN] PackLoader:240 - Cannot read IP mode file for STMicroelectronics.X-CUBE-ALGOBUILD.1.3.0
2024-05-14 14:49:17,017 [WARN] PackLoader:240 - Cannot read IP mode file for STMicroelectronics.X-CUBE-AZRTOS-G0.1.1.0
2024-05-14 14:49:17,023 [WARN] PackLoader:240 - Cannot read IP mode file for STMicroelectronics.X-CUBE-SAFEA1.1.2.2
2024-05-14 14:49:17,027 [WARN] PackLoader:240 - Cannot read IP mode file for STMicroelectronics.X-CUBE-NFC4.3.0.0
2024-05-14 14:49:17,041 [WARN] PackLoader:240 - Cannot read IP mode file for STMicroelectronics.X-CUBE-BLEMGR.3.0.0
2024-05-14 14:49:17,048 [WARN] PackLoader:240 - Cannot read IP mode file for STMicroelectronics.FP-ATR-SIGFOX1.3.2.0
2024-05-14 14:49:17,053 [WARN] PackLoader:240 - Cannot read IP mode file for STMicroelectronics.X-CUBE-EEPRMA1.5.1.0
2024-05-14 14:49:17,084 [WARN] PackLoader:240 - Cannot read IP mode file for SEGGER.I-CUBE-embOS.1.3.1
2024-05-14 14:49:17,134 [WARN] PackLoader:240 - Cannot read IP mode file for STMicroelectronics.X-CUBE-ALGOBUILD.1.4.0
2024-05-14 14:49:17,138 [WARN] PackLoader:240 - Cannot read IP mode file for STMicroelectronics.X-CUBE-GNSS1.6.0.0
2024-05-14 14:49:17,149 [WARN] PackLoader:240 - Cannot read IP mode file for STMicroelectronics.X-CUBE-AZRTOS-F4.1.1.0
2024-05-14 14:49:17,155 [WARN] PackLoader:240 - Cannot read IP mode file for STMicroelectronics.X-CUBE-FREERTOS.1.2.0
2024-05-14 14:49:17,157 [WARN] PackLoader:240 - Cannot read IP mode file for wolfSSL.I-CUBE-wolfSSL.5.6.6
2024-05-14 14:49:17,169 [WARN] PackLoader:240 - Cannot read IP mode file for STMicroelectronics.X-CUBE-AZRTOS-L5.2.0.0
2024-05-14 14:49:17,178 [WARN] PackLoader:240 - Cannot read IP mode file for STMicroelectronics.X-CUBE-NFC6.3.1.0
2024-05-14 14:49:17,183 [WARN] PackLoader:240 - Cannot read IP mode file for ITTIA_DB.I-CUBE-ITTIADB.8.8.0
2024-05-14 14:49:17,186 [WARN] PackLoader:240 - Cannot read IP mode file for STMicroelectronics.X-CUBE-AI.9.0.0
2024-05-14 14:49:17,190 [WARN] PackLoader:240 - Cannot read IP mode file for STMicroelectronics.X-CUBE-NFC7.1.0.1
2024-05-14 14:49:17,196 [WARN] PackLoader:240 - Cannot read IP mode file for STMicroelectronics.X-CUBE-NFC6.3.0.0
2024-05-14 14:49:17,199 [WARN] PackLoader:240 - Cannot read IP mode file for STMicroelectronics.X-CUBE-AI.8.1.0
2024-05-14 14:49:17,214 [WARN] ConditionMgr:438 - getConditionDescription Invalid condition id : LAN8742 Phy interface Condition cause : null
2024-05-14 14:49:17,214 [WARN] PackLoader:240 - Cannot read IP mode file for STMicroelectronics.X-CUBE-AZRTOS-L4.2.0.0
2024-05-14 14:49:17,215 [WARN] ConditionMgr:1039 - genDependencies : Invalid condition id : LAN8742 Phy interface Condition cause : null
2024-05-14 14:49:17,216 [WARN] ConditionMgr:1039 - genDependencies : Invalid condition id : LAN8742 Phy interface Condition cause : null
2024-05-14 14:49:17,216 [WARN] ConditionMgr:1039 - genDependencies : Invalid condition id : LAN8742 Phy interface Condition cause : null
2024-05-14 14:49:17,222 [WARN] PackLoader:240 - Cannot read IP mode file for STMicroelectronics.X-CUBE-SFXS2LP1.4.0.0
2024-05-14 14:49:17,235 [WARN] ConditionMgr:438 - getConditionDescription Invalid condition id : UX DEVICE CLASS RTOS Condition cause : null
2024-05-14 14:49:17,235 [WARN] ConditionMgr:438 - getConditionDescription Invalid condition id : UX DEVICE CLASS RTOS Condition cause : null
2024-05-14 14:49:17,240 [WARN] PackLoader:240 - Cannot read IP mode file for STMicroelectronics.X-CUBE-AZRTOS-WB.2.0.0
2024-05-14 14:49:17,241 [WARN] ConditionMgr:1039 - genDependencies : Invalid condition id : UX DEVICE CLASS RTOS Condition cause : null
2024-05-14 14:49:17,241 [WARN] ConditionMgr:1039 - genDependencies : Invalid condition id : UX DEVICE CLASS RTOS Condition cause : null
2024-05-14 14:49:17,241 [WARN] ConditionMgr:1039 - genDependencies : Invalid condition id : UX DEVICE CLASS RTOS Condition cause : null
2024-05-14 14:49:17,242 [WARN] ConditionMgr:1039 - genDependencies : Invalid condition id : UX DEVICE CLASS RTOS Condition cause : null
2024-05-14 14:49:17,242 [WARN] ConditionMgr:1039 - genDependencies : Invalid condition id : UX DEVICE CLASS RTOS Condition cause : null
2024-05-14 14:49:17,250 [WARN] PackLoader:240 - Cannot read IP mode file for STMicroelectronics.X-CUBE-SUBG2.5.0.0
2024-05-14 14:49:17,262 [WARN] PackLoader:240 - Cannot read IP mode file for Cesanta.I-CUBE-Mongoose.7.13.0
2024-05-14 14:49:17,278 [WARN] PackLoader:240 - Cannot read IP mode file for STMicroelectronics.X-CUBE-AZRTOS-G4.2.0.0
2024-05-14 14:49:17,287 [WARN] PackLoader:240 - Cannot read IP mode file for Infineon.AIROC-Wi-Fi-Bluetooth-STM32.1.5.1
2024-05-14 14:49:17,293 [WARN] PackLoader:240 - Cannot read IP mode file for STMicroelectronics.FP-SNS-MOTENVWB1.1.3.1
2024-05-14 14:49:17,296 [WARN] PackLoader:240 - Cannot read IP mode file for STMicroelectronics.X-CUBE-ISPU.2.0.0
2024-05-14 14:49:17,317 [WARN] PackLoader:240 - Cannot read IP mode file for STMicroelectronics.X-CUBE-MEMS1.10.0.0
2024-05-14 14:49:17,389 [WARN] PackLoader:240 - Cannot read IP mode file for STMicroelectronics.X-CUBE-FREERTOS.1.1.0
2024-05-14 14:49:17,392 [WARN] PackLoader:240 - Cannot read IP mode file for portGmbH.I-Cube-SoM-uGOAL.1.1.0
2024-05-14 14:49:17,395 [WARN] PackLoader:240 - Cannot read IP mode file for STMicroelectronics.X-CUBE-ALS.1.0.1
2024-05-14 14:49:17,405 [WARN] PackLoader:240 - Cannot read IP mode file for STMicroelectronics.X-CUBE-AZRTOS-H7RS.1.0.0
2024-05-14 14:49:17,409 [WARN] PackLoader:240 - Cannot read IP mode file for STMicroelectronics.FP-ATR-ASTRA1.2.0.0
2024-05-14 14:49:17,415 [WARN] PackLoader:240 - Cannot read IP mode file for STMicroelectronics.X-CUBE-TOF1.3.4.0
2024-05-14 14:49:17,435 [WARN] PackLoader:240 - Cannot read IP mode file for STMicroelectronics.X-CUBE-TOF1.3.4.1
2024-05-14 14:49:17,455 [WARN] PackLoader:240 - Cannot read IP mode file for STMicroelectronics.X-CUBE-AZRTOS-H7.3.2.0
2024-05-14 14:49:17,458 [INFO] ThirdParty:978 - Integrity check success = true
2024-05-14 14:49:17,458 [INFO] IntegrityCheckThread:100 - exiting critical section [integrity check]
2024-05-14 14:49:17,458 [INFO] IntegrityCheckThread:103 - End integrity checks thread
2024-05-14 14:49:35,713 [ERROR] LogOutputStream:75 - [STDERR_REDIRECT] SLF4J: Failed to load class "org.slf4j.impl.StaticLoggerBinder".
2024-05-14 14:49:35,714 [ERROR] LogOutputStream:75 - [STDERR_REDIRECT] SLF4J: Defaulting to no-operation (NOP) logger implementation
2024-05-14 14:49:35,715 [ERROR] LogOutputStream:75 - [STDERR_REDIRECT] SLF4J: See http://www.slf4j.org/codes.html#StaticLoggerBinder for further details.
2024-05-14 14:49:59,357 [ERROR] LogOutputStream:75 - [STDERR_REDIRECT] 
